<?xml version="1.0" encoding="UTF-8"?>
<!-- Generated by org.testng.reporters.JUnitReportReporter -->
<testsuite hostname="LAPTOP-QSVDD5MN" failures="0" tests="1" name="PlanetsSuperheros.FlipflopTest" time="34.194" errors="0" timestamp="2023-01-24T19:35:03 IST" skipped="0">
  <testcase classname="PlanetsSuperheros.FlipflopTest" name="main" time="34.194"/>
  <system-out/>
</testsuite> <!-- PlanetsSuperheros.FlipflopTest -->
